c:\zerorenderer\zerorenderer\x64\debug\vc143.pdb
c:\zerorenderer\zerorenderer\x64\debug\vc143.idb
c:\zerorenderer\zerorenderer\x64\debug\spotlight.obj
c:\zerorenderer\zerorenderer\x64\debug\directlight.obj
c:\zerorenderer\zerorenderer\x64\debug\camera3dcontroller.obj
c:\zerorenderer\zerorenderer\x64\debug\camera3d.obj
c:\zerorenderer\zerorenderer\x64\debug\cube.obj
c:\zerorenderer\zerorenderer\x64\debug\rectangle.obj
c:\zerorenderer\zerorenderer\x64\debug\mesh.obj
c:\zerorenderer\zerorenderer\x64\debug\model.obj
c:\zerorenderer\zerorenderer\x64\debug\database.obj
c:\zerorenderer\zerorenderer\x64\debug\scene.obj
c:\zerorenderer\zerorenderer\x64\debug\materialrepo.obj
c:\zerorenderer\zerorenderer\x64\debug\texturemetadata.obj
c:\zerorenderer\zerorenderer\x64\debug\shadermetadata.obj
c:\zerorenderer\zerorenderer\x64\debug\objmetadata.obj
c:\zerorenderer\zerorenderer\x64\debug\materialmetadata.obj
c:\zerorenderer\zerorenderer\x64\debug\mat.obj
c:\zerorenderer\zerorenderer\x64\debug\filehelper.obj
c:\zerorenderer\zerorenderer\x64\debug\editorcontext.obj
c:\zerorenderer\zerorenderer\x64\debug\editorrendererdomain.obj
c:\zerorenderer\zerorenderer\x64\debug\app.obj
c:\zerorenderer\zerorenderer\x64\debug\imgui_impl_opengl3.obj
c:\zerorenderer\zerorenderer\x64\debug\imgui_impl_glfw.obj
c:\zerorenderer\zerorenderer\x64\debug\imgui_draw.obj
c:\zerorenderer\zerorenderer\x64\debug\imgui_demo.obj
c:\zerorenderer\zerorenderer\x64\debug\imgui.obj
c:\zerorenderer\zerorenderer\x64\debug\glm.obj
c:\zerorenderer\zerorenderer\x64\debug\test.obj
c:\zerorenderer\zerorenderer\x64\debug\editorapptest.obj
c:\zerorenderer\zerorenderer\x64\debug\vertexbuffer.obj
c:\zerorenderer\zerorenderer\x64\debug\vertexarray.obj
c:\zerorenderer\zerorenderer\x64\debug\indexbuffer.obj
c:\zerorenderer\zerorenderer\x64\debug\texture.obj
c:\zerorenderer\zerorenderer\x64\debug\shader.obj
c:\zerorenderer\zerorenderer\x64\debug\material.obj
c:\zerorenderer\zerorenderer\x64\debug\texturerepo.obj
c:\zerorenderer\zerorenderer\x64\debug\shaderrepo.obj
c:\zerorenderer\zerorenderer\x64\debug\vertex.obj
c:\zerorenderer\zerorenderer\x64\debug\gameobject.obj
c:\zerorenderer\zerorenderer\x64\debug\gldebug.obj
c:\zerorenderer\zerorenderer\x64\debug\transform.obj
c:\zerorenderer\zerorenderer\x64\debug\stb_image.obj
c:\zerorenderer\zerorenderer\x64\debug\imgui_widgets.obj
c:\zerorenderer\zerorenderer\x64\debug\imgui_tables.obj
c:\zerorenderer\zerorenderer\x64\debug\textureslotcollection.h.ifc
c:\zerorenderer\zerorenderer\x64\debug\textureslotcollection.h.ifc.d.json
c:\zerorenderer\zerorenderer\x64\debug\textureslotcollection.h.obj
c:\zerorenderer\zerorenderer\x64\debug\zerorenderer.exe
c:\zerorenderer\zerorenderer\x64\debug\zerorenderer.ilk
c:\zerorenderer\zerorenderer\x64\debug\zerorenderer.pdb
c:\zerorenderer\zerorenderer\x64\debug\textureslotcollection.h.module.json
c:\zerorenderer\zerorenderer\x64\debug\zerorenderer.tlog\cl.command.1.tlog
c:\zerorenderer\zerorenderer\x64\debug\zerorenderer.tlog\cl.read.1.tlog
c:\zerorenderer\zerorenderer\x64\debug\zerorenderer.tlog\cl.write.1.tlog
c:\zerorenderer\zerorenderer\x64\debug\zerorenderer.tlog\link.command.1.tlog
c:\zerorenderer\zerorenderer\x64\debug\zerorenderer.tlog\link.read.1.tlog
c:\zerorenderer\zerorenderer\x64\debug\zerorenderer.tlog\link.write.1.tlog
c:\zerorenderer\zerorenderer\x64\debug\zerorenderer_md.tlog\cl.command.1.tlog
c:\zerorenderer\zerorenderer\x64\debug\zerorenderer_md.tlog\microsoft.build.cpptasks.cl.read.1.tlog
c:\zerorenderer\zerorenderer\x64\debug\zerorenderer_md.tlog\microsoft.build.cpptasks.cl.write.1.tlog
