  Cube.cpp
D:\Works\ZeroRenderer\ZeroRenderer\src\3DObject\Cube.cpp(1,1): warning C4819: 该文件包含不能在当前代码页(936)中表示的字符。请将该文件保存为 Unicode 格式以防止数据丢失
  Main.cpp
D:\Works\ZeroRenderer\ZeroRenderer\src\Main.cpp(71,24): warning C4305: “初始化”: 从“double”到“float”截断
D:\Works\ZeroRenderer\ZeroRenderer\src\Main.cpp(72,25): warning C4305: “初始化”: 从“double”到“float”截断
D:\Works\ZeroRenderer\ZeroRenderer\src\Main.cpp(73,24): warning C4305: “初始化”: 从“double”到“float”截断
  Camera3D.cpp
  Camera3DController.cpp
D:\Works\ZeroRenderer\ZeroRenderer\src\component\Camera3DController.cpp(51,18): warning C4244: “初始化”: 从“genType”转换到“float”，可能丢失数据
          with
          [
              genType=double
          ]
D:\Works\ZeroRenderer\ZeroRenderer\src\component\Camera3DController.cpp(52,20): warning C4244: “初始化”: 从“genType”转换到“float”，可能丢失数据
          with
          [
              genType=double
          ]
  Material.cpp
  Shader.cpp
  Texture.cpp
  VertexArray.cpp
  Renderer.cpp
  ShaderRepo.cpp
  TextureRepo.cpp
  PipelineTest.cpp
D:\Works\ZeroRenderer\ZeroRenderer\src\tests\PipelineTest.cpp(1,1): warning C4819: 该文件包含不能在当前代码页(936)中表示的字符。请将该文件保存为 Unicode 格式以防止数据丢失
D:\Works\ZeroRenderer\ZeroRenderer\src\tests\PipelineTest.cpp(57,18): warning C4244: “=”: 从“const int”转换到“float”，可能丢失数据
D:\Works\ZeroRenderer\ZeroRenderer\src\tests\PipelineTest.cpp(58,19): warning C4244: “=”: 从“const int”转换到“float”，可能丢失数据
  Test.cpp
  正在生成代码...
  ZeroRenderer.vcxproj -> D:\Works\ZeroRenderer\ZeroRenderer\Debug\ZeroRenderer.exe
