d:\works\zerorenderer\zerorenderer\debug\vc143.pdb
d:\works\zerorenderer\zerorenderer\debug\vc143.idb
d:\works\zerorenderer\zerorenderer\debug\gameobject.obj
d:\works\zerorenderer\zerorenderer\debug\stb_image.obj
d:\works\zerorenderer\zerorenderer\debug\imgui_impl_opengl3.obj
d:\works\zerorenderer\zerorenderer\debug\test.obj
d:\works\zerorenderer\zerorenderer\debug\lighttest.obj
d:\works\zerorenderer\zerorenderer\debug\camera3dcubetest.obj
d:\works\zerorenderer\zerorenderer\debug\renderer.obj
d:\works\zerorenderer\zerorenderer\debug\vertexbuffer.obj
d:\works\zerorenderer\zerorenderer\debug\vertexarray.obj
d:\works\zerorenderer\zerorenderer\debug\indexbuffer.obj
d:\works\zerorenderer\zerorenderer\debug\texture.obj
d:\works\zerorenderer\zerorenderer\debug\shader.obj
d:\works\zerorenderer\zerorenderer\debug\material.obj
d:\works\zerorenderer\zerorenderer\debug\texturemanager.obj
d:\works\zerorenderer\zerorenderer\debug\shadermanager.obj
d:\works\zerorenderer\zerorenderer\debug\main.obj
d:\works\zerorenderer\zerorenderer\debug\gldebug.obj
d:\works\zerorenderer\zerorenderer\debug\transform.obj
d:\works\zerorenderer\zerorenderer\debug\directlight.obj
d:\works\zerorenderer\zerorenderer\debug\camera3dcontroller.obj
d:\works\zerorenderer\zerorenderer\debug\camera3d.obj
d:\works\zerorenderer\zerorenderer\debug\cube.obj
d:\works\zerorenderer\zerorenderer\debug\imgui_widgets.obj
d:\works\zerorenderer\zerorenderer\debug\imgui_tables.obj
d:\works\zerorenderer\zerorenderer\debug\imgui_impl_glfw.obj
d:\works\zerorenderer\zerorenderer\debug\imgui_draw.obj
d:\works\zerorenderer\zerorenderer\debug\imgui_demo.obj
d:\works\zerorenderer\zerorenderer\debug\imgui.obj
d:\works\zerorenderer\zerorenderer\debug\glm.obj
d:\works\zerorenderer\zerorenderer\debug\zerorenderer.pdb
d:\works\zerorenderer\zerorenderer\debug\zerorenderer.tlog\cl.command.1.tlog
d:\works\zerorenderer\zerorenderer\debug\zerorenderer.tlog\cl.read.1.tlog
d:\works\zerorenderer\zerorenderer\debug\zerorenderer.tlog\cl.write.1.tlog
d:\works\zerorenderer\zerorenderer\debug\zerorenderer.tlog\link-cvtres.read.1.tlog
d:\works\zerorenderer\zerorenderer\debug\zerorenderer.tlog\link-cvtres.write.1.tlog
d:\works\zerorenderer\zerorenderer\debug\zerorenderer.tlog\link-rc.read.1.tlog
d:\works\zerorenderer\zerorenderer\debug\zerorenderer.tlog\link-rc.write.1.tlog
d:\works\zerorenderer\zerorenderer\debug\zerorenderer.tlog\link.command.1.tlog
d:\works\zerorenderer\zerorenderer\debug\zerorenderer.tlog\link.read.1.tlog
d:\works\zerorenderer\zerorenderer\debug\zerorenderer.tlog\link.write.1.tlog
